<?xml version="1.0" encoding="UTF-8"?>
<!-- Generated by org.testng.reporters.JUnitReportReporter -->
<testsuite hostname="LAPTOP-JE0P3KM5" failures="0" tests="1" name="com.test.LoginTest" time="11.937" errors="0" timestamp="19 Oct 2023 10:53:09 GMT">
  <testcase classname="com.test.LoginTest" name="testUsers" time="11.937"/>
</testsuite> <!-- com.test.LoginTest -->
