<?xml version="1.0" encoding="UTF-8"?>
<!-- Generated by org.testng.reporters.JUnitReportReporter -->
<testsuite hostname="LAPTOP-JE0P3KM5" failures="0" tests="2" name="com.test.LoginTest" time="19.993" errors="0" timestamp="28 Dec 2023 04:56:08 GMT">
  <testcase classname="com.test.LoginTest" name="testUsers" time="8.522"/>
  <testcase classname="com.test.LoginTest" name="loginTest" time="11.471"/>
</testsuite> <!-- com.test.LoginTest -->
